<?xml version="1.0" encoding="UTF-8"?>
<!-- Generated by org.testng.reporters.JUnitXMLReporter -->
<testsuite ignored="0" hostname="DESKTOP-E4KIOHC" failures="0" tests="10" name="Default test" time="16.166" errors="0" timestamp="2024-12-17T04:36:01 IST">
  <testcase classname="shoppersStack.Shopper" name="shopperLogin" time="6.202"/>
  <testcase classname="shoppersStack.Shopper" name="viewProducts" time="3.234"/>
  <testcase classname="shoppersStack.Shopper" name="addProductToCart" time="0.857"/>
  <testcase classname="shoppersStack.Shopper" name="getAllProductsFromCart" time="0.919"/>
  <testcase classname="shoppersStack.Shopper" name="updateProductInCart" time="0.811"/>
  <testcase classname="shoppersStack.Shopper" name="addAddress" time="0.815"/>
  <testcase classname="shoppersStack.Shopper" name="placeOrder" time="0.802"/>
  <testcase classname="shoppersStack.Shopper" name="addReview" time="0.84"/>
  <testcase classname="shoppersStack.Shopper" name="deleteReview" time="0.762"/>
  <testcase classname="shoppersStack.Shopper" name="deleteAddress" time="0.763"/>
</testsuite> <!-- Default test -->
